Using pre-set license
Built from '2020.2/release' branch; Version is '2020.2.1f1 (270dd8c3da1c) revision 2559448'; Using compiler version '192528614'; Build Type 'Release'
OS: 'Windows 10  (10.0.0) 64bit' Language: 'en' Physical Memory: 16165 MB
BatchMode: 1, IsHumanControllingUs: 0, StartBugReporterOnCrash: 0, Is64bit: 1, IsPro: 0

 COMMAND LINE ARGUMENTS:
C:\Program Files\Unity\Hub\Editor\2020.2.1f1\Editor\Unity.exe
-adb2
-batchMode
-noUpm
-name
AssetImportWorker0
-projectPath
C:/Users/peyto/OneDrive/Documents/UNITY PROJECTS/Space Game Zipped 3 (Peyton O)/Fishing Demo 2
-logFile
Logs/AssetImportWorker0.log
-srvPort
50403
Successfully changed project path to: C:/Users/peyto/OneDrive/Documents/UNITY PROJECTS/Space Game Zipped 3 (Peyton O)/Fishing Demo 2
C:/Users/peyto/OneDrive/Documents/UNITY PROJECTS/Space Game Zipped 3 (Peyton O)/Fishing Demo 2
Using Asset Import Pipeline V2.
Refreshing native plugins compatible for Editor in 155.24 ms, found 1 plugins.
Preloading 0 native plugins for Editor in 0.00 ms.
Initialize engine version: 2020.2.1f1 (270dd8c3da1c)
[Subsystems] Discovering subsystems at path C:/Program Files/Unity/Hub/Editor/2020.2.1f1/Editor/Data/Resources/UnitySubsystems
[Subsystems] Discovering subsystems at path C:/Users/peyto/OneDrive/Documents/UNITY PROJECTS/Space Game Zipped 3 (Peyton O)/Fishing Demo 2/Assets
GfxDevice: creating device client; threaded=0
Direct3D:
    Version:  Direct3D 11.0 [level 11.1]
    Renderer: NVIDIA GeForce MX330 (ID=0x1d16)
    Vendor:   
    VRAM:     4027 MB
    Driver:   30.0.15.1278
Initialize mono
Mono path[0] = 'C:/Program Files/Unity/Hub/Editor/2020.2.1f1/Editor/Data/Managed'
Mono path[1] = 'C:/Program Files/Unity/Hub/Editor/2020.2.1f1/Editor/Data/MonoBleedingEdge/lib/mono/unityjit'
Mono config path = 'C:/Program Files/Unity/Hub/Editor/2020.2.1f1/Editor/Data/MonoBleedingEdge/etc'
Using monoOptions --debugger-agent=transport=dt_socket,embedding=1,server=y,suspend=n,address=127.0.0.1:56204
Begin MonoManager ReloadAssembly
Registering precompiled unity dll's ...
Register platform support module: C:/Program Files/Unity/Hub/Editor/2020.2.1f1/Editor/Data/PlaybackEngines/WindowsStandaloneSupport/UnityEditor.WindowsStandalone.Extensions.dll
Registered in 0.011508 seconds.
Native extension for WindowsStandalone target not found
Refreshing native plugins compatible for Editor in 140.67 ms, found 1 plugins.
Preloading 0 native plugins for Editor in 0.00 ms.
Invoked RoslynAnalysisRunner static constructor.
RoslynAnalysisRunner will not be running.
RoslynAnalysisRunner has terminated.
Mono: successfully reloaded assembly
- Completed reload, in  4.548 seconds
Platform modules already initialized, skipping
Registering precompiled user dll's ...
Registered in 0.007689 seconds.
Begin MonoManager ReloadAssembly
Native extension for WindowsStandalone target not found
Refreshing native plugins compatible for Editor in 147.62 ms, found 1 plugins.
Preloading 0 native plugins for Editor in 0.00 ms.
Invoked RoslynAnalysisRunner static constructor.
RoslynAnalysisRunner will not be running.
RoslynAnalysisRunner has terminated.
Mono: successfully reloaded assembly
- Completed reload, in  3.114 seconds
Platform modules already initialized, skipping
========================================================================
Worker process is ready to serve import requests
Launched and connected shader compiler UnityShaderCompiler.exe after 0.10 seconds
Refreshing native plugins compatible for Editor in 0.29 ms, found 1 plugins.
Preloading 0 native plugins for Editor in 0.00 ms.
Unloading 1817 Unused Serialized files (Serialized files now loaded: 0)
System memory in use before: 85.1 MB.
System memory in use after: 85.0 MB.

Unloading 24 unused Assets to reduce memory usage. Loaded Objects now: 2258.
Total: 2.036500 ms (FindLiveObjects: 0.277300 ms CreateObjectMapping: 0.102500 ms MarkObjects: 1.549700 ms  DeleteObjects: 0.105100 ms)

========================================================================
Received Import Request.
  path: Assets/Scenes/FreshwaterScene.unity
  artifactKey: Guid(5563531e521ab6f4995a606384c48948) Importer(815301076,1909f56bfc062723c751e8b465ee728b)
Start importing Assets/Scenes/FreshwaterScene.unity using Guid(5563531e521ab6f4995a606384c48948) Importer(815301076,1909f56bfc062723c751e8b465ee728b)  -> (artifact id: '634f14cb4fbfc10d9b55af1c65a78000') in 0.019081 seconds
  Import took 0.028856 seconds .

========================================================================
Received Import Request.
  Time since last request: 0.000911 seconds.
  path: Assets/Scenes/WorldMapScene.unity
  artifactKey: Guid(c998850b84aed974eafec8350cd544c6) Importer(815301076,1909f56bfc062723c751e8b465ee728b)
Start importing Assets/Scenes/WorldMapScene.unity using Guid(c998850b84aed974eafec8350cd544c6) Importer(815301076,1909f56bfc062723c751e8b465ee728b)  -> (artifact id: '06e945bcb46842f614538e5f01409e52') in 0.006317 seconds
  Import took 0.016419 seconds .

========================================================================
Received Import Request.
  Time since last request: 0.000955 seconds.
  path: Assets/Scenes/SaltwaterScene.unity
  artifactKey: Guid(827456d98f4b61049a99f6fa8015acdd) Importer(815301076,1909f56bfc062723c751e8b465ee728b)
Start importing Assets/Scenes/SaltwaterScene.unity using Guid(827456d98f4b61049a99f6fa8015acdd) Importer(815301076,1909f56bfc062723c751e8b465ee728b)  -> (artifact id: 'b154829de83d5d89eeb42e3e68f4b270') in 0.017652 seconds
  Import took 0.036911 seconds .

========================================================================
Received Import Request.
  Time since last request: 0.000568 seconds.
  path: Assets/Scenes/FieldGuide.unity
  artifactKey: Guid(995287f1951ed88459cc653a8953fa07) Importer(815301076,1909f56bfc062723c751e8b465ee728b)
Start importing Assets/Scenes/FieldGuide.unity using Guid(995287f1951ed88459cc653a8953fa07) Importer(815301076,1909f56bfc062723c751e8b465ee728b)  -> (artifact id: '07b4e8d2e7a6f6e75672d2e72f3c4dd6') in 0.028615 seconds
  Import took 0.045905 seconds .

========================================================================
Received Prepare
Refreshing native plugins compatible for Editor in 12.72 ms, found 1 plugins.
Preloading 0 native plugins for Editor in 0.00 ms.
Unloading 10 Unused Serialized files (Serialized files now loaded: 0)
System memory in use before: 48.7 MB.
System memory in use after: 48.7 MB.

Unloading 10 unused Assets to reduce memory usage. Loaded Objects now: 2258.
Total: 4.272300 ms (FindLiveObjects: 0.381300 ms CreateObjectMapping: 0.148600 ms MarkObjects: 3.542800 ms  DeleteObjects: 0.196700 ms)

========================================================================
Received Import Request.
  Time since last request: 1234.572999 seconds.
  path: Assets/SceneSwitch.cs
  artifactKey: Guid(73d355288265f0b42928ec1a9d3f7e2d) Importer(815301076,1909f56bfc062723c751e8b465ee728b)
Start importing Assets/SceneSwitch.cs using Guid(73d355288265f0b42928ec1a9d3f7e2d) Importer(815301076,1909f56bfc062723c751e8b465ee728b)  -> (artifact id: '9b1ab32731a3404b6f8594d80d29909b') in 0.094082 seconds
  Import took 0.108826 seconds .

========================================================================
Received Import Request.
  Time since last request: 0.575118 seconds.
  path: Assets/SceneSwitcher.cs
  artifactKey: Guid(bbd7b8691fb83784f9d5dbd88e052676) Importer(815301076,1909f56bfc062723c751e8b465ee728b)
Start importing Assets/SceneSwitcher.cs using Guid(bbd7b8691fb83784f9d5dbd88e052676) Importer(815301076,1909f56bfc062723c751e8b465ee728b)  -> (artifact id: 'ccd4a603ae2e3a44026562fb3d5e712f') in 0.012119 seconds
  Import took 0.020142 seconds .

========================================================================
Received Import Request.
  Time since last request: 1811.305001 seconds.
  path: Assets/Scenes/SaltwaterScene.unity
  artifactKey: Guid(827456d98f4b61049a99f6fa8015acdd) Importer(815301076,1909f56bfc062723c751e8b465ee728b)
Start importing Assets/Scenes/SaltwaterScene.unity using Guid(827456d98f4b61049a99f6fa8015acdd) Importer(815301076,1909f56bfc062723c751e8b465ee728b)  -> (artifact id: '99037c62e7054a6a2555eae5008991d2') in 0.039822 seconds
  Import took 0.051709 seconds .

========================================================================
Received Prepare
Registering precompiled user dll's ...
Registered in 0.003961 seconds.
Begin MonoManager ReloadAssembly
Native extension for WindowsStandalone target not found
Refreshing native plugins compatible for Editor in 0.86 ms, found 1 plugins.
Preloading 0 native plugins for Editor in 0.00 ms.
Invoked RoslynAnalysisRunner static constructor.
RoslynAnalysisRunner will not be running.
RoslynAnalysisRunner has terminated.
Mono: successfully reloaded assembly
- Completed reload, in  2.198 seconds
Platform modules already initialized, skipping
Refreshing native plugins compatible for Editor in 0.78 ms, found 1 plugins.
Preloading 0 native plugins for Editor in 0.00 ms.
Unloading 1811 Unused Serialized files (Serialized files now loaded: 0)
System memory in use before: 85.2 MB.
System memory in use after: 85.2 MB.

Unloading 13 unused Assets to reduce memory usage. Loaded Objects now: 2260.
Total: 2.673400 ms (FindLiveObjects: 0.168300 ms CreateObjectMapping: 0.051000 ms MarkObjects: 2.266100 ms  DeleteObjects: 0.186200 ms)

========================================================================
Received Prepare
Registering precompiled user dll's ...
Registered in 0.004836 seconds.
Begin MonoManager ReloadAssembly
Native extension for WindowsStandalone target not found
Refreshing native plugins compatible for Editor in 0.57 ms, found 1 plugins.
Preloading 0 native plugins for Editor in 0.00 ms.
Invoked RoslynAnalysisRunner static constructor.
RoslynAnalysisRunner will not be running.
RoslynAnalysisRunner has terminated.
Mono: successfully reloaded assembly
- Completed reload, in  2.421 seconds
Platform modules already initialized, skipping
Refreshing native plugins compatible for Editor in 0.61 ms, found 1 plugins.
Preloading 0 native plugins for Editor in 0.00 ms.
Unloading 1811 Unused Serialized files (Serialized files now loaded: 0)
System memory in use before: 85.3 MB.
System memory in use after: 85.3 MB.

Unloading 12 unused Assets to reduce memory usage. Loaded Objects now: 2263.
Total: 5.231100 ms (FindLiveObjects: 0.542900 ms CreateObjectMapping: 0.230100 ms MarkObjects: 4.321200 ms  DeleteObjects: 0.134200 ms)

========================================================================
Received Prepare
Registering precompiled user dll's ...
Registered in 0.003115 seconds.
Begin MonoManager ReloadAssembly
Native extension for WindowsStandalone target not found
Refreshing native plugins compatible for Editor in 0.43 ms, found 1 plugins.
Preloading 0 native plugins for Editor in 0.00 ms.
Invoked RoslynAnalysisRunner static constructor.
RoslynAnalysisRunner will not be running.
RoslynAnalysisRunner has terminated.
Mono: successfully reloaded assembly
- Completed reload, in  1.768 seconds
Platform modules already initialized, skipping
Refreshing native plugins compatible for Editor in 0.43 ms, found 1 plugins.
Preloading 0 native plugins for Editor in 0.00 ms.
Unloading 1811 Unused Serialized files (Serialized files now loaded: 0)
System memory in use before: 85.4 MB.
System memory in use after: 85.4 MB.

Unloading 12 unused Assets to reduce memory usage. Loaded Objects now: 2266.
Total: 2.946500 ms (FindLiveObjects: 0.213000 ms CreateObjectMapping: 0.096100 ms MarkObjects: 2.417400 ms  DeleteObjects: 0.218400 ms)

========================================================================
Received Import Request.
  Time since last request: 146.667426 seconds.
  path: Assets/Scenes/SaltwaterScene.unity
  artifactKey: Guid(827456d98f4b61049a99f6fa8015acdd) Importer(815301076,1909f56bfc062723c751e8b465ee728b)
Start importing Assets/Scenes/SaltwaterScene.unity using Guid(827456d98f4b61049a99f6fa8015acdd) Importer(815301076,1909f56bfc062723c751e8b465ee728b)  -> (artifact id: '129a4da1828eee2b90e848e0a7027358') in 0.022850 seconds
  Import took 0.034123 seconds .

========================================================================
Received Import Request.
  Time since last request: 0.003349 seconds.
  path: Assets/Scenes/SaltwaterScene.unity
  artifactKey: Guid(827456d98f4b61049a99f6fa8015acdd) Importer(815301076,1909f56bfc062723c751e8b465ee728b)
Start importing Assets/Scenes/SaltwaterScene.unity using Guid(827456d98f4b61049a99f6fa8015acdd) Importer(815301076,1909f56bfc062723c751e8b465ee728b)  -> (artifact id: '129a4da1828eee2b90e848e0a7027358') in 0.005713 seconds
  Import took 0.014661 seconds .

========================================================================
Received Import Request.
  Time since last request: 41.567731 seconds.
  path: Assets/Scenes/FreshwaterScene.unity
  artifactKey: Guid(5563531e521ab6f4995a606384c48948) Importer(815301076,1909f56bfc062723c751e8b465ee728b)
Start importing Assets/Scenes/FreshwaterScene.unity using Guid(5563531e521ab6f4995a606384c48948) Importer(815301076,1909f56bfc062723c751e8b465ee728b)  -> (artifact id: 'b61d3b21f9632e4a95a31a19bd29486a') in 0.009577 seconds
  Import took 0.019035 seconds .

========================================================================
Received Import Request.
  Time since last request: 22.781058 seconds.
  path: Assets/Scenes/FreshwaterScene.unity
  artifactKey: Guid(5563531e521ab6f4995a606384c48948) Importer(815301076,1909f56bfc062723c751e8b465ee728b)
Start importing Assets/Scenes/FreshwaterScene.unity using Guid(5563531e521ab6f4995a606384c48948) Importer(815301076,1909f56bfc062723c751e8b465ee728b)  -> (artifact id: '469124aca58e82d8d0b39ce723a445b1') in 0.010162 seconds
  Import took 0.021673 seconds .

========================================================================
Received Import Request.
  Time since last request: 14.575369 seconds.
  path: Assets/Prefabs/SceneControl.prefab
  artifactKey: Guid(09265c27ff23f124e841847a1a6c1750) Importer(815301076,1909f56bfc062723c751e8b465ee728b)
Start importing Assets/Prefabs/SceneControl.prefab using Guid(09265c27ff23f124e841847a1a6c1750) Importer(815301076,1909f56bfc062723c751e8b465ee728b)  -> (artifact id: 'daba9f5d80e858975ac860b187ed7540') in 0.048738 seconds
  Import took 0.057052 seconds .

========================================================================
Received Import Request.
  Time since last request: 51.660575 seconds.
  path: Assets/Scenes/FreshwaterScene.unity
  artifactKey: Guid(5563531e521ab6f4995a606384c48948) Importer(815301076,1909f56bfc062723c751e8b465ee728b)
Start importing Assets/Scenes/FreshwaterScene.unity using Guid(5563531e521ab6f4995a606384c48948) Importer(815301076,1909f56bfc062723c751e8b465ee728b)  -> (artifact id: '7ed1e1304cd229f1faaa7104b6c85907') in 0.007668 seconds
  Import took 0.019006 seconds .

========================================================================
Received Import Request.
  Time since last request: 1.063232 seconds.
  path: Assets/Scenes/SaltwaterScene.unity
  artifactKey: Guid(827456d98f4b61049a99f6fa8015acdd) Importer(815301076,1909f56bfc062723c751e8b465ee728b)
Start importing Assets/Scenes/SaltwaterScene.unity using Guid(827456d98f4b61049a99f6fa8015acdd) Importer(815301076,1909f56bfc062723c751e8b465ee728b)  -> (artifact id: '5806b4bed0d9814f5779ae1485f9f461') in 0.007975 seconds
  Import took 0.018618 seconds .

========================================================================
Received Prepare
Registering precompiled user dll's ...
Registered in 0.002852 seconds.
Begin MonoManager ReloadAssembly
Native extension for WindowsStandalone target not found
Refreshing native plugins compatible for Editor in 0.79 ms, found 1 plugins.
Preloading 0 native plugins for Editor in 0.00 ms.
Invoked RoslynAnalysisRunner static constructor.
RoslynAnalysisRunner will not be running.
RoslynAnalysisRunner has terminated.
Mono: successfully reloaded assembly
- Completed reload, in  2.242 seconds
Platform modules already initialized, skipping
Refreshing native plugins compatible for Editor in 0.62 ms, found 1 plugins.
Preloading 0 native plugins for Editor in 0.00 ms.
Unloading 1811 Unused Serialized files (Serialized files now loaded: 0)
System memory in use before: 85.5 MB.
System memory in use after: 85.5 MB.

Unloading 12 unused Assets to reduce memory usage. Loaded Objects now: 2269.
Total: 2.747500 ms (FindLiveObjects: 0.289100 ms CreateObjectMapping: 0.104200 ms MarkObjects: 2.254000 ms  DeleteObjects: 0.098000 ms)

========================================================================
Received Import Request.
  Time since last request: 406.861425 seconds.
  path: Assets/Prefabs/GameManager.prefab
  artifactKey: Guid(8a23b6b2322031847aa8f7fe6ca57714) Importer(815301076,1909f56bfc062723c751e8b465ee728b)
Start importing Assets/Prefabs/GameManager.prefab using Guid(8a23b6b2322031847aa8f7fe6ca57714) Importer(815301076,1909f56bfc062723c751e8b465ee728b)  -> (artifact id: 'c718b54e488f76bae6531941390e245c') in 0.053406 seconds
  Import took 0.063397 seconds .

========================================================================
Received Import Request.
  Time since last request: 58.975692 seconds.
  path: Assets/Scenes/WorldMapScene.unity
  artifactKey: Guid(c998850b84aed974eafec8350cd544c6) Importer(815301076,1909f56bfc062723c751e8b465ee728b)
Start importing Assets/Scenes/WorldMapScene.unity using Guid(c998850b84aed974eafec8350cd544c6) Importer(815301076,1909f56bfc062723c751e8b465ee728b)  -> (artifact id: '0058c1f641c860af1b4ae7148bd6085d') in 0.008938 seconds
  Import took 0.019817 seconds .

========================================================================
Received Import Request.
  Time since last request: 1.087601 seconds.
  path: Assets/Scenes/SaltwaterScene.unity
  artifactKey: Guid(827456d98f4b61049a99f6fa8015acdd) Importer(815301076,1909f56bfc062723c751e8b465ee728b)
Start importing Assets/Scenes/SaltwaterScene.unity using Guid(827456d98f4b61049a99f6fa8015acdd) Importer(815301076,1909f56bfc062723c751e8b465ee728b)  -> (artifact id: 'eb15bf637f3417f264d314706d2fd68b') in 0.008495 seconds
  Import took 0.016486 seconds .

========================================================================
Received Import Request.
  Time since last request: 1.134831 seconds.
  path: Assets/Scenes/FreshwaterScene.unity
  artifactKey: Guid(5563531e521ab6f4995a606384c48948) Importer(815301076,1909f56bfc062723c751e8b465ee728b)
Start importing Assets/Scenes/FreshwaterScene.unity using Guid(5563531e521ab6f4995a606384c48948) Importer(815301076,1909f56bfc062723c751e8b465ee728b)  -> (artifact id: '9722ea3f3777dd049ac4dc9f8257b2e0') in 0.008371 seconds
  Import took 0.015394 seconds .

========================================================================
Received Import Request.
  Time since last request: 17.307680 seconds.
  path: Assets/Scenes/FieldGuide.unity
  artifactKey: Guid(995287f1951ed88459cc653a8953fa07) Importer(815301076,1909f56bfc062723c751e8b465ee728b)
Start importing Assets/Scenes/FieldGuide.unity using Guid(995287f1951ed88459cc653a8953fa07) Importer(815301076,1909f56bfc062723c751e8b465ee728b)  -> (artifact id: '21f7be18e199eebc9b5c9ccb1cd4cf64') in 0.010143 seconds
  Import took 0.020695 seconds .

========================================================================
Received Prepare
Registering precompiled user dll's ...
Registered in 0.003022 seconds.
Begin MonoManager ReloadAssembly
Native extension for WindowsStandalone target not found
Refreshing native plugins compatible for Editor in 0.68 ms, found 1 plugins.
Preloading 0 native plugins for Editor in 0.00 ms.
Invoked RoslynAnalysisRunner static constructor.
RoslynAnalysisRunner will not be running.
RoslynAnalysisRunner has terminated.
Mono: successfully reloaded assembly
- Completed reload, in  2.347 seconds
Platform modules already initialized, skipping
Refreshing native plugins compatible for Editor in 0.75 ms, found 1 plugins.
Preloading 0 native plugins for Editor in 0.00 ms.
Unloading 1811 Unused Serialized files (Serialized files now loaded: 0)
System memory in use before: 85.6 MB.
System memory in use after: 85.6 MB.

Unloading 12 unused Assets to reduce memory usage. Loaded Objects now: 2272.
Total: 4.363600 ms (FindLiveObjects: 0.295200 ms CreateObjectMapping: 0.088700 ms MarkObjects: 3.740800 ms  DeleteObjects: 0.235800 ms)

========================================================================
Received Import Request.
  Time since last request: 1341.648392 seconds.
  path: Assets/Scenes/SaltwaterScene.unity
  artifactKey: Guid(827456d98f4b61049a99f6fa8015acdd) Importer(815301076,1909f56bfc062723c751e8b465ee728b)
Start importing Assets/Scenes/SaltwaterScene.unity using Guid(827456d98f4b61049a99f6fa8015acdd) Importer(815301076,1909f56bfc062723c751e8b465ee728b)  -> (artifact id: '3c6a1ac3246ccf58f250ba200f718bd3') in 0.027523 seconds
  Import took 0.038682 seconds .

========================================================================
Received Import Request.
  Time since last request: 2.339022 seconds.
  path: Assets/Scenes/FreshwaterScene.unity
  artifactKey: Guid(5563531e521ab6f4995a606384c48948) Importer(815301076,1909f56bfc062723c751e8b465ee728b)
Start importing Assets/Scenes/FreshwaterScene.unity using Guid(5563531e521ab6f4995a606384c48948) Importer(815301076,1909f56bfc062723c751e8b465ee728b)  -> (artifact id: 'b3e70996e7306027da9cd3aa2953e5e2') in 0.009203 seconds
  Import took 0.018295 seconds .

========================================================================
Received Import Request.
  Time since last request: 520.665091 seconds.
  path: Assets/Book-Page Curl/scripts/AutoFlip.cs
  artifactKey: Guid(bef881b4c6ed71248b493dcd92c831a5) Importer(815301076,1909f56bfc062723c751e8b465ee728b)
Start importing Assets/Book-Page Curl/scripts/AutoFlip.cs using Guid(bef881b4c6ed71248b493dcd92c831a5) Importer(815301076,1909f56bfc062723c751e8b465ee728b)  -> (artifact id: '651784709604e6d714d6de9260f3f1d7') in 0.008169 seconds
  Import took 0.019111 seconds .

========================================================================
Received Import Request.
  Time since last request: 0.002493 seconds.
  path: Assets/Book-Page Curl/scripts/AutoFlip.cs
  artifactKey: Guid(bef881b4c6ed71248b493dcd92c831a5) Importer(815301076,1909f56bfc062723c751e8b465ee728b)
Start importing Assets/Book-Page Curl/scripts/AutoFlip.cs using Guid(bef881b4c6ed71248b493dcd92c831a5) Importer(815301076,1909f56bfc062723c751e8b465ee728b)  -> (artifact id: '651784709604e6d714d6de9260f3f1d7') in 0.008339 seconds
  Import took 0.015459 seconds .

========================================================================
Received Import Request.
  Time since last request: 2.928034 seconds.
  path: Assets/Book-Page Curl/scripts/Book.cs
  artifactKey: Guid(4446b7192d8bf914ebaf797b64fe8b86) Importer(815301076,1909f56bfc062723c751e8b465ee728b)
Start importing Assets/Book-Page Curl/scripts/Book.cs using Guid(4446b7192d8bf914ebaf797b64fe8b86) Importer(815301076,1909f56bfc062723c751e8b465ee728b)  -> (artifact id: 'dc4f472070aaabdebcd1e33bdac6c489') in 0.006858 seconds
  Import took 0.016211 seconds .

========================================================================
Received Import Request.
  Time since last request: 116.093755 seconds.
  path: Assets/Book-Page Curl/Example/sprites/background.png
  artifactKey: Guid(b38f1555bc2bc5246a7c1a87e231e51c) Importer(815301076,1909f56bfc062723c751e8b465ee728b)
Start importing Assets/Book-Page Curl/Example/sprites/background.png using Guid(b38f1555bc2bc5246a7c1a87e231e51c) Importer(815301076,1909f56bfc062723c751e8b465ee728b)  -> (artifact id: 'f877077c825886275bc04fa08b1d84ef') in 0.284924 seconds
  Import took 0.299274 seconds .

========================================================================
Received Import Request.
  Time since last request: 0.000816 seconds.
  path: Assets/Book-Page Curl/Example/sprites/P4_Front.png
  artifactKey: Guid(796d2e28838c3604fbcc8ced74d1e0de) Importer(815301076,1909f56bfc062723c751e8b465ee728b)
Start importing Assets/Book-Page Curl/Example/sprites/P4_Front.png using Guid(796d2e28838c3604fbcc8ced74d1e0de) Importer(815301076,1909f56bfc062723c751e8b465ee728b)  -> (artifact id: '9ec4f5b56fb70f60aa9d6e68423b8fbd') in 0.052859 seconds
  Import took 0.067332 seconds .

========================================================================
Received Import Request.
  Time since last request: 0.000665 seconds.
  path: Assets/Book-Page Curl/Example/sprites/P1_Front.png
  artifactKey: Guid(1446aaef14913c641af0f211a1b53913) Importer(815301076,1909f56bfc062723c751e8b465ee728b)
Start importing Assets/Book-Page Curl/Example/sprites/P1_Front.png using Guid(1446aaef14913c641af0f211a1b53913) Importer(815301076,1909f56bfc062723c751e8b465ee728b)  -> (artifact id: '532538e23e4e01b512859f03c55e51d2') in 0.050774 seconds
  Import took 0.065687 seconds .

========================================================================
Received Import Request.
  Time since last request: 0.000597 seconds.
  path: Assets/Book-Page Curl/Example/sprites/P0_Back.png
  artifactKey: Guid(dade6889fe006de4b9ff16ae693b2886) Importer(815301076,1909f56bfc062723c751e8b465ee728b)
Start importing Assets/Book-Page Curl/Example/sprites/P0_Back.png using Guid(dade6889fe006de4b9ff16ae693b2886) Importer(815301076,1909f56bfc062723c751e8b465ee728b)  -> (artifact id: 'ae988ce1cac862abee392edb6d66f3b3') in 0.038581 seconds
  Import took 0.051490 seconds .

========================================================================
Received Import Request.
  Time since last request: 0.000686 seconds.
  path: Assets/Book-Page Curl/Example/sprites/page2.png
  artifactKey: Guid(fca57dd61c151c649adcbc7ba39e71bb) Importer(815301076,1909f56bfc062723c751e8b465ee728b)
Start importing Assets/Book-Page Curl/Example/sprites/page2.png using Guid(fca57dd61c151c649adcbc7ba39e71bb) Importer(815301076,1909f56bfc062723c751e8b465ee728b)  -> (artifact id: 'af57df9ca06eddba5777a17db602ea60') in 0.046743 seconds
  Import took 0.058988 seconds .

========================================================================
Received Import Request.
  Time since last request: 0.000534 seconds.
  path: Assets/Book-Page Curl/Example/sprites/page7.png
  artifactKey: Guid(a8371807677c9624f95debc13138fe33) Importer(815301076,1909f56bfc062723c751e8b465ee728b)
Start importing Assets/Book-Page Curl/Example/sprites/page7.png using Guid(a8371807677c9624f95debc13138fe33) Importer(815301076,1909f56bfc062723c751e8b465ee728b)  -> (artifact id: '464c7b6fb98f5bfe795b65643a336696') in 0.036277 seconds
  Import took 0.055362 seconds .

========================================================================
Received Import Request.
  Time since last request: 0.000558 seconds.
  path: Assets/Book-Page Curl/Example/sprites/page1.png
  artifactKey: Guid(9f1ddd79b2fa5444b9f0150b809a8dd0) Importer(815301076,1909f56bfc062723c751e8b465ee728b)
Start importing Assets/Book-Page Curl/Example/sprites/page1.png using Guid(9f1ddd79b2fa5444b9f0150b809a8dd0) Importer(815301076,1909f56bfc062723c751e8b465ee728b)  -> (artifact id: 'c01bc8427e180d952880d2c4a4b4923c') in 0.044901 seconds
  Import took 0.064631 seconds .

========================================================================
Received Import Request.
  Time since last request: 0.000695 seconds.
  path: Assets/Book-Page Curl/Example/sprites/page0.png
  artifactKey: Guid(b1bac3987b1ad064a80f72496ee46425) Importer(815301076,1909f56bfc062723c751e8b465ee728b)
Start importing Assets/Book-Page Curl/Example/sprites/page0.png using Guid(b1bac3987b1ad064a80f72496ee46425) Importer(815301076,1909f56bfc062723c751e8b465ee728b)  -> (artifact id: '723bbd41cb3b7ca6603ebdf750be21a3') in 0.040547 seconds
  Import took 0.058487 seconds .

========================================================================
Received Import Request.
  Time since last request: 0.000496 seconds.
  path: Assets/Book-Page Curl/Example/sprites/page4.png
  artifactKey: Guid(b0c18c676ab4d4343adc234472e1d618) Importer(815301076,1909f56bfc062723c751e8b465ee728b)
Start importing Assets/Book-Page Curl/Example/sprites/page4.png using Guid(b0c18c676ab4d4343adc234472e1d618) Importer(815301076,1909f56bfc062723c751e8b465ee728b)  -> (artifact id: '75f7f09ee852b74da0a8178b1db871cb') in 0.037894 seconds
  Import took 0.056985 seconds .

========================================================================
Received Import Request.
  Time since last request: 0.000455 seconds.
  path: Assets/Book-Page Curl/Example/sprites/P2_Back^P3_Front.png
  artifactKey: Guid(8bb21a88bfa20f840a413602a148c0b3) Importer(815301076,1909f56bfc062723c751e8b465ee728b)
Start importing Assets/Book-Page Curl/Example/sprites/P2_Back^P3_Front.png using Guid(8bb21a88bfa20f840a413602a148c0b3) Importer(815301076,1909f56bfc062723c751e8b465ee728b)  -> (artifact id: '17cbf6261ec20ff3cb6456051cd23296') in 0.071301 seconds
  Import took 0.083475 seconds .

========================================================================
Received Import Request.
  Time since last request: 0.000507 seconds.
  path: Assets/Book-Page Curl/Example/sprites/page6.png
  artifactKey: Guid(9ad9c7be1dcdd6d45ab6e643fc600a88) Importer(815301076,1909f56bfc062723c751e8b465ee728b)
Start importing Assets/Book-Page Curl/Example/sprites/page6.png using Guid(9ad9c7be1dcdd6d45ab6e643fc600a88) Importer(815301076,1909f56bfc062723c751e8b465ee728b)  -> (artifact id: '7be4034ce604ad6ff0f29d9c7ea56baa') in 0.035453 seconds
  Import took 0.045960 seconds .

========================================================================
Received Import Request.
  Time since last request: 0.000542 seconds.
  path: Assets/Book-Page Curl/Example/sprites/P3_Back.png
  artifactKey: Guid(d4960128d2cef9c44bedfe4a87b29a28) Importer(815301076,1909f56bfc062723c751e8b465ee728b)
Start importing Assets/Book-Page Curl/Example/sprites/P3_Back.png using Guid(d4960128d2cef9c44bedfe4a87b29a28) Importer(815301076,1909f56bfc062723c751e8b465ee728b)  -> (artifact id: 'e0411717b5ca2c9b0201b2e6378aaf49') in 0.049619 seconds
  Import took 0.067519 seconds .

========================================================================
Received Import Request.
  Time since last request: 0.000648 seconds.
  path: Assets/Book-Page Curl/Example/sprites/page3.png
  artifactKey: Guid(b85050c83db242e4eafba8f57eb350d9) Importer(815301076,1909f56bfc062723c751e8b465ee728b)
Start importing Assets/Book-Page Curl/Example/sprites/page3.png using Guid(b85050c83db242e4eafba8f57eb350d9) Importer(815301076,1909f56bfc062723c751e8b465ee728b)  -> (artifact id: '61dddf3117adb677a419b187a30c92e2') in 0.042849 seconds
  Import took 0.060384 seconds .

========================================================================
Received Import Request.
  Time since last request: 0.000637 seconds.
  path: Assets/Book-Page Curl/Example/sprites/page5.png
  artifactKey: Guid(86cccff4f962a034c841b8a741b9d50b) Importer(815301076,1909f56bfc062723c751e8b465ee728b)
Start importing Assets/Book-Page Curl/Example/sprites/page5.png using Guid(86cccff4f962a034c841b8a741b9d50b) Importer(815301076,1909f56bfc062723c751e8b465ee728b)  -> (artifact id: '2d4ddc6e48cfb2881e741fa19e681acd') in 0.043128 seconds
  Import took 0.054192 seconds .

========================================================================
Received Import Request.
  Time since last request: 0.001219 seconds.
  path: Assets/Book-Page Curl/Example/sprites/TransparentGraybackgtound.png
  artifactKey: Guid(3c47abcf3fb3d12408efe3073b2e379f) Importer(815301076,1909f56bfc062723c751e8b465ee728b)
Start importing Assets/Book-Page Curl/Example/sprites/TransparentGraybackgtound.png using Guid(3c47abcf3fb3d12408efe3073b2e379f) Importer(815301076,1909f56bfc062723c751e8b465ee728b)  -> (artifact id: 'b41f321518522f4789f02a34abfa453d') in 0.044211 seconds
  Import took 0.052041 seconds .

========================================================================
Received Import Request.
  Time since last request: 0.006046 seconds.
  path: Assets/Book-Page Curl/Example/sprites/page5.png
  artifactKey: Guid(86cccff4f962a034c841b8a741b9d50b) Importer(815301076,1909f56bfc062723c751e8b465ee728b)
Start importing Assets/Book-Page Curl/Example/sprites/page5.png using Guid(86cccff4f962a034c841b8a741b9d50b) Importer(815301076,1909f56bfc062723c751e8b465ee728b)  -> (artifact id: '2d4ddc6e48cfb2881e741fa19e681acd') in 0.036703 seconds
  Import took 0.050065 seconds .

========================================================================
Received Import Request.
  Time since last request: 3.275500 seconds.
  path: Assets/Book-Page Curl/Example/prefabs/Book.prefab
  artifactKey: Guid(fe9bfb5044c0cc646baba1ad7d354100) Importer(815301076,1909f56bfc062723c751e8b465ee728b)
Start importing Assets/Book-Page Curl/Example/prefabs/Book.prefab using Guid(fe9bfb5044c0cc646baba1ad7d354100) Importer(815301076,1909f56bfc062723c751e8b465ee728b)  -> (artifact id: 'a9afc00620c13ed1bb6943cba7e1efb2') in 0.117426 seconds
  Import took 0.127379 seconds .

========================================================================
Received Prepare
Registering precompiled user dll's ...
Registered in 0.003824 seconds.
Begin MonoManager ReloadAssembly
Native extension for WindowsStandalone target not found
Refreshing native plugins compatible for Editor in 1.08 ms, found 1 plugins.
Preloading 0 native plugins for Editor in 0.00 ms.
Invoked RoslynAnalysisRunner static constructor.
RoslynAnalysisRunner will not be running.
RoslynAnalysisRunner has terminated.
Mono: successfully reloaded assembly
- Completed reload, in  3.425 seconds
Platform modules already initialized, skipping
Refreshing native plugins compatible for Editor in 0.49 ms, found 1 plugins.
Preloading 0 native plugins for Editor in 0.00 ms.
Unloading 1811 Unused Serialized files (Serialized files now loaded: 0)
System memory in use before: 88.8 MB.
System memory in use after: 88.8 MB.

Unloading 12 unused Assets to reduce memory usage. Loaded Objects now: 2290.
Total: 3.553400 ms (FindLiveObjects: 0.428800 ms CreateObjectMapping: 0.212600 ms MarkObjects: 2.739000 ms  DeleteObjects: 0.170700 ms)

========================================================================
Received Prepare
Registering precompiled user dll's ...
Registered in 0.008696 seconds.
Begin MonoManager ReloadAssembly
Native extension for WindowsStandalone target not found
Refreshing native plugins compatible for Editor in 0.58 ms, found 1 plugins.
Preloading 0 native plugins for Editor in 0.00 ms.
Invoked RoslynAnalysisRunner static constructor.
RoslynAnalysisRunner will not be running.
RoslynAnalysisRunner has terminated.
Mono: successfully reloaded assembly
- Completed reload, in  2.183 seconds
Platform modules already initialized, skipping
Refreshing native plugins compatible for Editor in 0.60 ms, found 1 plugins.
Preloading 0 native plugins for Editor in 0.00 ms.
Unloading 1811 Unused Serialized files (Serialized files now loaded: 0)
System memory in use before: 88.9 MB.
System memory in use after: 88.9 MB.

Unloading 12 unused Assets to reduce memory usage. Loaded Objects now: 2293.
Total: 5.651600 ms (FindLiveObjects: 0.243400 ms CreateObjectMapping: 0.078100 ms MarkObjects: 5.111300 ms  DeleteObjects: 0.213900 ms)

========================================================================
Received Prepare
Registering precompiled user dll's ...
Registered in 0.002491 seconds.
Begin MonoManager ReloadAssembly
Native extension for WindowsStandalone target not found
Refreshing native plugins compatible for Editor in 0.44 ms, found 1 plugins.
Preloading 0 native plugins for Editor in 0.00 ms.
Invoked RoslynAnalysisRunner static constructor.
RoslynAnalysisRunner will not be running.
RoslynAnalysisRunner has terminated.
Mono: successfully reloaded assembly
- Completed reload, in  1.808 seconds
Platform modules already initialized, skipping
Refreshing native plugins compatible for Editor in 0.36 ms, found 1 plugins.
Preloading 0 native plugins for Editor in 0.00 ms.
Unloading 1811 Unused Serialized files (Serialized files now loaded: 0)
System memory in use before: 89.0 MB.
System memory in use after: 89.0 MB.

Unloading 12 unused Assets to reduce memory usage. Loaded Objects now: 2296.
Total: 2.951900 ms (FindLiveObjects: 0.372800 ms CreateObjectMapping: 0.120000 ms MarkObjects: 2.220100 ms  DeleteObjects: 0.233800 ms)

========================================================================
Received Import Request.
  Time since last request: 905.653430 seconds.
  path: Assets/Scripts/PlayerReelingState.cs
  artifactKey: Guid(ed507da7482ede64289bdfd4a4de673f) Importer(815301076,1909f56bfc062723c751e8b465ee728b)
Start importing Assets/Scripts/PlayerReelingState.cs using Guid(ed507da7482ede64289bdfd4a4de673f) Importer(815301076,1909f56bfc062723c751e8b465ee728b)  -> (artifact id: 'b8602693b83aaed3e925e8b47f432d3f') in 0.050339 seconds
  Import took 0.078585 seconds .

========================================================================
Received Prepare
Registering precompiled user dll's ...
Registered in 0.003685 seconds.
Begin MonoManager ReloadAssembly
Native extension for WindowsStandalone target not found
Refreshing native plugins compatible for Editor in 0.36 ms, found 1 plugins.
Preloading 0 native plugins for Editor in 0.00 ms.
Invoked RoslynAnalysisRunner static constructor.
RoslynAnalysisRunner will not be running.
RoslynAnalysisRunner has terminated.
Mono: successfully reloaded assembly
- Completed reload, in  2.473 seconds
Platform modules already initialized, skipping
Refreshing native plugins compatible for Editor in 0.41 ms, found 1 plugins.
Preloading 0 native plugins for Editor in 0.00 ms.
Unloading 1811 Unused Serialized files (Serialized files now loaded: 0)
System memory in use before: 89.1 MB.
System memory in use after: 89.1 MB.

Unloading 12 unused Assets to reduce memory usage. Loaded Objects now: 2299.
Total: 3.398500 ms (FindLiveObjects: 0.462400 ms CreateObjectMapping: 0.296400 ms MarkObjects: 2.427200 ms  DeleteObjects: 0.209400 ms)

========================================================================
Received Prepare
Registering precompiled user dll's ...
Registered in 0.009470 seconds.
Begin MonoManager ReloadAssembly
Native extension for WindowsStandalone target not found
Refreshing native plugins compatible for Editor in 0.70 ms, found 1 plugins.
Preloading 0 native plugins for Editor in 0.00 ms.
Invoked RoslynAnalysisRunner static constructor.
RoslynAnalysisRunner will not be running.
RoslynAnalysisRunner has terminated.
Mono: successfully reloaded assembly
- Completed reload, in  2.482 seconds
Platform modules already initialized, skipping
Refreshing native plugins compatible for Editor in 4.63 ms, found 1 plugins.
Preloading 0 native plugins for Editor in 0.00 ms.
Unloading 1811 Unused Serialized files (Serialized files now loaded: 0)
System memory in use before: 89.2 MB.
System memory in use after: 89.2 MB.

Unloading 12 unused Assets to reduce memory usage. Loaded Objects now: 2302.
Total: 3.921900 ms (FindLiveObjects: 0.714300 ms CreateObjectMapping: 0.278800 ms MarkObjects: 2.694900 ms  DeleteObjects: 0.231100 ms)

========================================================================
Received Prepare
Registering precompiled user dll's ...
Registered in 0.006393 seconds.
Begin MonoManager ReloadAssembly
Native extension for WindowsStandalone target not found
Refreshing native plugins compatible for Editor in 0.84 ms, found 1 plugins.
Preloading 0 native plugins for Editor in 0.00 ms.
Invoked RoslynAnalysisRunner static constructor.
RoslynAnalysisRunner will not be running.
RoslynAnalysisRunner has terminated.
Mono: successfully reloaded assembly
- Completed reload, in  2.265 seconds
Platform modules already initialized, skipping
Refreshing native plugins compatible for Editor in 0.32 ms, found 1 plugins.
Preloading 0 native plugins for Editor in 0.00 ms.
Unloading 1811 Unused Serialized files (Serialized files now loaded: 0)
System memory in use before: 89.2 MB.
System memory in use after: 89.2 MB.

Unloading 12 unused Assets to reduce memory usage. Loaded Objects now: 2305.
Total: 2.332500 ms (FindLiveObjects: 0.257300 ms CreateObjectMapping: 0.077600 ms MarkObjects: 1.888200 ms  DeleteObjects: 0.107200 ms)

========================================================================
Received Prepare
Registering precompiled user dll's ...
Registered in 0.007324 seconds.
Begin MonoManager ReloadAssembly
Native extension for WindowsStandalone target not found
Refreshing native plugins compatible for Editor in 0.40 ms, found 1 plugins.
Preloading 0 native plugins for Editor in 0.00 ms.
Invoked RoslynAnalysisRunner static constructor.
RoslynAnalysisRunner will not be running.
RoslynAnalysisRunner has terminated.
Mono: successfully reloaded assembly
- Completed reload, in  3.326 seconds
Platform modules already initialized, skipping
Refreshing native plugins compatible for Editor in 0.80 ms, found 1 plugins.
Preloading 0 native plugins for Editor in 0.00 ms.
Unloading 1811 Unused Serialized files (Serialized files now loaded: 0)
System memory in use before: 89.3 MB.
System memory in use after: 89.3 MB.

Unloading 12 unused Assets to reduce memory usage. Loaded Objects now: 2308.
Total: 5.060200 ms (FindLiveObjects: 0.341600 ms CreateObjectMapping: 0.185800 ms MarkObjects: 4.256800 ms  DeleteObjects: 0.273300 ms)

========================================================================
Received Prepare
Registering precompiled user dll's ...
Registered in 0.005902 seconds.
Begin MonoManager ReloadAssembly
Native extension for WindowsStandalone target not found
Refreshing native plugins compatible for Editor in 0.61 ms, found 1 plugins.
Preloading 0 native plugins for Editor in 0.00 ms.
Invoked RoslynAnalysisRunner static constructor.
RoslynAnalysisRunner will not be running.
RoslynAnalysisRunner has terminated.
Mono: successfully reloaded assembly
- Completed reload, in  2.434 seconds
Platform modules already initialized, skipping
Refreshing native plugins compatible for Editor in 1.38 ms, found 1 plugins.
Preloading 0 native plugins for Editor in 0.00 ms.
Unloading 1811 Unused Serialized files (Serialized files now loaded: 0)
System memory in use before: 89.4 MB.
System memory in use after: 89.4 MB.

Unloading 12 unused Assets to reduce memory usage. Loaded Objects now: 2311.
Total: 5.192100 ms (FindLiveObjects: 0.643000 ms CreateObjectMapping: 0.281500 ms MarkObjects: 4.061900 ms  DeleteObjects: 0.201200 ms)

========================================================================
Received Prepare
Registering precompiled user dll's ...
Registered in 0.004748 seconds.
Begin MonoManager ReloadAssembly
Native extension for WindowsStandalone target not found
Refreshing native plugins compatible for Editor in 0.39 ms, found 1 plugins.
Preloading 0 native plugins for Editor in 0.00 ms.
Invoked RoslynAnalysisRunner static constructor.
RoslynAnalysisRunner will not be running.
RoslynAnalysisRunner has terminated.
Mono: successfully reloaded assembly
- Completed reload, in  1.960 seconds
Platform modules already initialized, skipping
Refreshing native plugins compatible for Editor in 0.36 ms, found 1 plugins.
Preloading 0 native plugins for Editor in 0.00 ms.
Unloading 1811 Unused Serialized files (Serialized files now loaded: 0)
System memory in use before: 89.5 MB.
System memory in use after: 89.5 MB.

Unloading 12 unused Assets to reduce memory usage. Loaded Objects now: 2314.
Total: 2.957700 ms (FindLiveObjects: 0.188600 ms CreateObjectMapping: 0.057800 ms MarkObjects: 2.494800 ms  DeleteObjects: 0.214700 ms)

========================================================================
Received Prepare
Registering precompiled user dll's ...
Registered in 0.004418 seconds.
Begin MonoManager ReloadAssembly
Native extension for WindowsStandalone target not found
Refreshing native plugins compatible for Editor in 0.63 ms, found 1 plugins.
Preloading 0 native plugins for Editor in 0.00 ms.
Invoked RoslynAnalysisRunner static constructor.
RoslynAnalysisRunner will not be running.
RoslynAnalysisRunner has terminated.
Mono: successfully reloaded assembly
- Completed reload, in  2.190 seconds
Platform modules already initialized, skipping
Refreshing native plugins compatible for Editor in 0.40 ms, found 1 plugins.
Preloading 0 native plugins for Editor in 0.00 ms.
Unloading 1811 Unused Serialized files (Serialized files now loaded: 0)
System memory in use before: 89.6 MB.
System memory in use after: 89.6 MB.

Unloading 12 unused Assets to reduce memory usage. Loaded Objects now: 2317.
Total: 3.889000 ms (FindLiveObjects: 0.290400 ms CreateObjectMapping: 0.114500 ms MarkObjects: 3.256500 ms  DeleteObjects: 0.224800 ms)

AssetImportWorkerClient::OnTransportError - code=2 error=End of file
